<?xml version="1.0" encoding="UTF-8"?>
<!-- Generated by org.testng.reporters.JUnitReportReporter -->
<testsuite hostname="MICROSOFT-PC" name="myPackage.SmokeTest" tests="1" failures="0" timestamp="11 Apr 2017 00:48:18 GMT" time="12.548" errors="0">
  <testcase name="loginTest" time="12.548" classname="myPackage.SmokeTest"/>
</testsuite> <!-- myPackage.SmokeTest -->
