<?xml version="1.0" encoding="UTF-8"?>
<!-- Generated by org.testng.reporters.JUnitReportReporter -->
<testsuite skipped="0" hostname="MICROSOFT-PC" name="myPackage.SmokeTest" tests="1" failures="0" timestamp="11 Apr 2017 01:08:50 GMT" time="14.575" errors="0">
  <testcase name="loginTest" time="14.575" classname="myPackage.SmokeTest"/>
</testsuite> <!-- myPackage.SmokeTest -->
